#
# There is insufficient memory for the Java Runtime Environment to continue.
# Native memory allocation (malloc) failed to allocate 1378256 bytes for Chunk::new
# Possible reasons:
#   The system is out of physical RAM or swap space
#   The process is running with CompressedOops enabled, and the Java Heap may be blocking the growth of the native heap
# Possible solutions:
#   Reduce memory load on the system
#   Increase physical memory or swap space
#   Check if swap backing store is full
#   Decrease Java heap size (-Xmx/-Xms)
#   Decrease number of Java threads
#   Decrease Java thread stack sizes (-Xss)
#   Set larger code cache with -XX:ReservedCodeCacheSize=
#   JVM is running with Unscaled Compressed Oops mode in which the Java heap is
#     placed in the first 4GB address space. The Java Heap base address is the
#     maximum limit for the native heap growth. Please use -XX:HeapBaseMinAddress
#     to set the Java Heap base and to place the Java Heap above 4GB virtual address.
# This output file may be truncated or incomplete.
#
#  Out of Memory Error (./src/hotspot/share/memory/arena.cpp:197), pid=16760, tid=23116
#
# JRE version: OpenJDK Runtime Environment (11.0.10) (build 11.0.10+0-b96-7249189)
# Java VM: OpenJDK 64-Bit Server VM (11.0.10+0-b96-7249189, mixed mode, tiered, compressed oops, g1 gc, windows-amd64)
# No core dump will be written. Minidumps are not enabled by default on client versions of Windows
#

---------------  S U M M A R Y ------------

Command Line: --add-opens=java.base/java.util=ALL-UNNAMED --add-opens=java.base/java.lang=ALL-UNNAMED --add-opens=java.base/java.lang.invoke=ALL-UNNAMED --add-opens=java.base/java.util=ALL-UNNAMED --add-opens=java.prefs/java.util.prefs=ALL-UNNAMED --add-opens=java.prefs/java.util.prefs=ALL-UNNAMED --add-opens=java.base/java.nio.charset=ALL-UNNAMED --add-opens=java.base/java.net=ALL-UNNAMED --add-opens=java.base/java.util.concurrent.atomic=ALL-UNNAMED -Xmx2048m -Dfile.encoding=UTF-8 -Duser.country=PL -Duser.language=pl -Duser.variant org.gradle.launcher.daemon.bootstrap.GradleDaemon 7.0.2

Host: AMD Ryzen 5 3500U with Radeon Vega Mobile Gfx  , 8 cores, 9G,  Windows 10 , 64 bit Build 22000 (10.0.22000.434)
Time: Fri Jan 14 13:27:03 2022 Œrodkowoeuropejski czas stand. elapsed time: 47.452550 seconds (0d 0h 0m 47s)

---------------  T H R E A D  ---------------

Current thread (0x0000013898a6f800):  JavaThread "C2 CompilerThread0" daemon [_thread_in_native, id=23116, stack(0x0000002af7c00000,0x0000002af7d00000)]


Current CompileTask:
C2:  47452 9925       4       org.gradle.internal.fingerprint.classpath.impl.ClasspathFingerprintingStrategy$ClasspathFingerprintingVisitor::visitEntry (20 bytes)

Stack: [0x0000002af7c00000,0x0000002af7d00000]
Native frames: (J=compiled Java code, j=interpreted, Vv=VM code, C=native code)
V  [jvm.dll+0x5ecfaa]
V  [jvm.dll+0x722bd5]
V  [jvm.dll+0x72412d]
V  [jvm.dll+0x7247e3]
V  [jvm.dll+0x242928]
V  [jvm.dll+0xbc4fc]
V  [jvm.dll+0xbca0c]
V  [jvm.dll+0x352d7d]
V  [jvm.dll+0x19800c]
V  [jvm.dll+0x1fb70e]
V  [jvm.dll+0x1fa7f4]
V  [jvm.dll+0x18354c]
V  [jvm.dll+0x208ee7]
V  [jvm.dll+0x207731]
V  [jvm.dll+0x6eb1cf]
V  [jvm.dll+0x6e3d45]
V  [jvm.dll+0x5ebe96]
C  [ucrtbase.dll+0x26c0c]
C  [KERNEL32.DLL+0x154e0]
C  [ntdll.dll+0x485b]


---------------  P R O C E S S  ---------------

Threads class SMR info:
_java_thread_list=0x000001389fb653e0, length=60, elements={
0x00000138fdc25000, 0x0000013898a11800, 0x0000013898a1f000, 0x0000013898a69800,
0x0000013898a6a800, 0x0000013898a6b800, 0x0000013898a6f800, 0x0000013898a73800,
0x00000138ff6a2800, 0x0000013898bc6000, 0x000001389ada8800, 0x000001389ae9a000,
0x000001389ac53000, 0x0000013899cf7800, 0x000001389985d000, 0x000001389ac52000,
0x0000013899f65000, 0x000001389ae95800, 0x000001389ab76000, 0x000001389ab75000,
0x000001389ab77800, 0x000001389ab77000, 0x000001389ab78800, 0x000001389ab72800,
0x000001389ab79000, 0x000001389ab73800, 0x000001389ab74800, 0x000001389b13b000,
0x000001389b13a000, 0x000001389b139000, 0x000001389b13b800, 0x000001389b136000,
0x000001389b13c800, 0x000001389b13e000, 0x000001389b138800, 0x000001389b13f000,
0x000001389b13f800, 0x000001389b141800, 0x000001389b142000, 0x000001389b143000,
0x000001389b140800, 0x000001389b144000, 0x00000138998b4800, 0x00000138998b4000,
0x00000138998b1800, 0x00000138998b2000, 0x00000138998b3000, 0x00000138998b5800,
0x00000138998b6800, 0x00000138998ba800, 0x00000138998b7000, 0x00000138998b9800,
0x00000138998bc000, 0x00000138998bd800, 0x00000138998b8000, 0x00000138998b8800,
0x00000138998be800, 0x00000138998bd000, 0x00000138998bf000, 0x00000138a262f800
}

Java Threads: ( => current thread )
  0x00000138fdc25000 JavaThread "main" [_thread_blocked, id=25452, stack(0x0000002af7000000,0x0000002af7100000)]
  0x0000013898a11800 JavaThread "Reference Handler" daemon [_thread_blocked, id=20900, stack(0x0000002af7700000,0x0000002af7800000)]
  0x0000013898a1f000 JavaThread "Finalizer" daemon [_thread_blocked, id=24564, stack(0x0000002af7800000,0x0000002af7900000)]
  0x0000013898a69800 JavaThread "Signal Dispatcher" daemon [_thread_blocked, id=16836, stack(0x0000002af7900000,0x0000002af7a00000)]
  0x0000013898a6a800 JavaThread "Attach Listener" daemon [_thread_blocked, id=20364, stack(0x0000002af7a00000,0x0000002af7b00000)]
  0x0000013898a6b800 JavaThread "Service Thread" daemon [_thread_blocked, id=23484, stack(0x0000002af7b00000,0x0000002af7c00000)]
=>0x0000013898a6f800 JavaThread "C2 CompilerThread0" daemon [_thread_in_native, id=23116, stack(0x0000002af7c00000,0x0000002af7d00000)]
  0x0000013898a73800 JavaThread "C1 CompilerThread0" daemon [_thread_blocked, id=18448, stack(0x0000002af7d00000,0x0000002af7e00000)]
  0x00000138ff6a2800 JavaThread "Sweeper thread" daemon [_thread_blocked, id=18456, stack(0x0000002af7e00000,0x0000002af7f00000)]
  0x0000013898bc6000 JavaThread "Common-Cleaner" daemon [_thread_blocked, id=18608, stack(0x0000002af7f00000,0x0000002af8000000)]
  0x000001389ada8800 JavaThread "Daemon health stats" [_thread_blocked, id=24964, stack(0x0000002af8300000,0x0000002af8400000)]
  0x000001389ae9a000 JavaThread "Incoming local TCP Connector on port 56144" [_thread_in_native, id=10584, stack(0x0000002af8400000,0x0000002af8500000)]
  0x000001389ac53000 JavaThread "Daemon periodic checks" [_thread_blocked, id=16156, stack(0x0000002af8500000,0x0000002af8600000)]
  0x0000013899cf7800 JavaThread "Daemon" [_thread_blocked, id=11112, stack(0x0000002af8600000,0x0000002af8700000)]
  0x000001389985d000 JavaThread "Handler for socket connection from /127.0.0.1:56144 to /127.0.0.1:56146" [_thread_in_native, id=14432, stack(0x0000002af8700000,0x0000002af8800000)]
  0x000001389ac52000 JavaThread "Cancel handler" [_thread_blocked, id=19320, stack(0x0000002af8800000,0x0000002af8900000)]
  0x0000013899f65000 JavaThread "Daemon worker" [_thread_blocked, id=18412, stack(0x0000002af8900000,0x0000002af8a00000)]
  0x000001389ae95800 JavaThread "Asynchronous log dispatcher for DefaultDaemonConnection: socket connection from /127.0.0.1:56144 to /127.0.0.1:56146" [_thread_blocked, id=22020, stack(0x0000002af8b00000,0x0000002af8c00000)]
  0x000001389ab76000 JavaThread "Stdin handler" [_thread_blocked, id=22332, stack(0x0000002af8c00000,0x0000002af8d00000)]
  0x000001389ab75000 JavaThread "Daemon client event forwarder" [_thread_blocked, id=14788, stack(0x0000002af8d00000,0x0000002af8e00000)]
  0x000001389ab77800 JavaThread "Cache worker for file hash cache (C:\Users\Admin\.gradle\caches\7.0.2\fileHashes)" [_thread_blocked, id=116, stack(0x0000002af9200000,0x0000002af9300000)]
  0x000001389ab77000 JavaThread "File lock request listener" [_thread_in_native, id=9616, stack(0x0000002af9300000,0x0000002af9400000)]
  0x000001389ab78800 JavaThread "Cache worker for journal cache (C:\Users\Admin\.gradle\caches\journal-1)" [_thread_blocked, id=16932, stack(0x0000002af9500000,0x0000002af9600000)]
  0x000001389ab72800 JavaThread "Cache worker for file hash cache (C:\Users\Admin\AndroidStudioProjects\Fargmenty\.gradle\7.0.2\fileHashes)" [_thread_blocked, id=24984, stack(0x0000002af9600000,0x0000002af9700000)]
  0x000001389ab79000 JavaThread "File watcher server" daemon [_thread_blocked, id=23396, stack(0x0000002af9700000,0x0000002af9800000)]
  0x000001389ab73800 JavaThread "File watcher consumer" daemon [_thread_blocked, id=21140, stack(0x0000002af9800000,0x0000002af9900000)]
  0x000001389ab74800 JavaThread "Cache worker for checksums cache (C:\Users\Admin\AndroidStudioProjects\Fargmenty\.gradle\checksums)" [_thread_blocked, id=21720, stack(0x0000002af9900000,0x0000002af9a00000)]
  0x000001389b13b000 JavaThread "Cache worker for cache directory md-supplier (C:\Users\Admin\.gradle\caches\7.0.2\md-supplier)" [_thread_blocked, id=21680, stack(0x0000002af9a00000,0x0000002af9b00000)]
  0x000001389b13a000 JavaThread "Cache worker for cache directory md-rule (C:\Users\Admin\.gradle\caches\7.0.2\md-rule)" [_thread_blocked, id=21164, stack(0x0000002af9c00000,0x0000002af9d00000)]
  0x000001389b139000 JavaThread "Cache worker for execution history cache (C:\Users\Admin\.gradle\caches\7.0.2\executionHistory)" [_thread_blocked, id=22000, stack(0x0000002af9b00000,0x0000002af9c00000)]
  0x000001389b13b800 JavaThread "jar transforms" [_thread_blocked, id=19192, stack(0x0000002af9f00000,0x0000002afa000000)]
  0x000001389b136000 JavaThread "jar transforms Thread 2" [_thread_blocked, id=15300, stack(0x0000002afa000000,0x0000002afa100000)]
  0x000001389b13c800 JavaThread "Cache worker for file content cache (C:\Users\Admin\.gradle\caches\7.0.2\fileContent)" [_thread_blocked, id=23308, stack(0x0000002afa100000,0x0000002afa200000)]
  0x000001389b13e000 JavaThread "Cache worker for dependencies-accessors (C:\Users\Admin\AndroidStudioProjects\Fargmenty\.gradle\7.0.2\dependencies-accessors)" [_thread_blocked, id=18152, stack(0x0000002afa200000,0x0000002afa300000)]
  0x000001389b138800 JavaThread "jar transforms Thread 3" [_thread_blocked, id=21376, stack(0x0000002af9d00000,0x0000002af9e00000)]
  0x000001389b13f000 JavaThread "Cache worker for Build Output Cleanup Cache (C:\Users\Admin\AndroidStudioProjects\Fargmenty\.gradle\buildOutputCleanup)" [_thread_blocked, id=21064, stack(0x0000002afa300000,0x0000002afa400000)]
  0x000001389b13f800 JavaThread "Build operations" [_thread_blocked, id=8716, stack(0x0000002af9e00000,0x0000002af9f00000)]
  0x000001389b141800 JavaThread "Build operations Thread 2" [_thread_blocked, id=11668, stack(0x0000002afa400000,0x0000002afa500000)]
  0x000001389b142000 JavaThread "Build operations Thread 3" [_thread_blocked, id=8672, stack(0x0000002afa500000,0x0000002afa600000)]
  0x000001389b143000 JavaThread "Build operations Thread 4" [_thread_blocked, id=4932, stack(0x0000002afa600000,0x0000002afa700000)]
  0x000001389b140800 JavaThread "Build operations Thread 5" [_thread_blocked, id=20344, stack(0x0000002afa700000,0x0000002afa800000)]
  0x000001389b144000 JavaThread "Build operations Thread 6" [_thread_blocked, id=22448, stack(0x0000002afa800000,0x0000002afa900000)]
  0x00000138998b4800 JavaThread "Build operations Thread 7" [_thread_blocked, id=23404, stack(0x0000002afa900000,0x0000002afaa00000)]
  0x00000138998b4000 JavaThread "Build operations Thread 8" [_thread_blocked, id=19712, stack(0x0000002afaa00000,0x0000002afab00000)]
  0x00000138998b1800 JavaThread "jar transforms Thread 4" [_thread_blocked, id=21744, stack(0x0000002afac00000,0x0000002afad00000)]
  0x00000138998b2000 JavaThread "jar transforms Thread 5" [_thread_blocked, id=14748, stack(0x0000002afad00000,0x0000002afae00000)]
  0x00000138998b3000 JavaThread "jar transforms Thread 6" [_thread_blocked, id=18208, stack(0x0000002afae00000,0x0000002afaf00000)]
  0x00000138998b5800 JavaThread "jar transforms Thread 7" [_thread_blocked, id=22520, stack(0x0000002afaf00000,0x0000002afb000000)]
  0x00000138998b6800 JavaThread "jar transforms Thread 8" [_thread_blocked, id=3576, stack(0x0000002afb000000,0x0000002afb100000)]
  0x00000138998ba800 JavaThread "Memory manager" [_thread_blocked, id=15808, stack(0x0000002afb200000,0x0000002afb300000)]
  0x00000138998b7000 JavaThread "build event listener" [_thread_blocked, id=22584, stack(0x0000002afb300000,0x0000002afb400000)]
  0x00000138998b9800 JavaThread "build event listener" [_thread_blocked, id=16400, stack(0x0000002afb100000,0x0000002afb200000)]
  0x00000138998bc000 JavaThread "Execution worker for ':'" [_thread_blocked, id=20224, stack(0x0000002afb400000,0x0000002afb500000)]
  0x00000138998bd800 JavaThread "Execution worker for ':' Thread 2" [_thread_blocked, id=20128, stack(0x0000002afb500000,0x0000002afb600000)]
  0x00000138998b8000 JavaThread "Execution worker for ':' Thread 3" [_thread_blocked, id=14564, stack(0x0000002afb600000,0x0000002afb700000)]
  0x00000138998b8800 JavaThread "Execution worker for ':' Thread 4" [_thread_blocked, id=22832, stack(0x0000002afb700000,0x0000002afb800000)]
  0x00000138998be800 JavaThread "Execution worker for ':' Thread 5" [_thread_blocked, id=22840, stack(0x0000002afb800000,0x0000002afb900000)]
  0x00000138998bd000 JavaThread "Execution worker for ':' Thread 6" [_thread_blocked, id=21824, stack(0x0000002afb900000,0x0000002afba00000)]
  0x00000138998bf000 JavaThread "Execution worker for ':' Thread 7" [_thread_blocked, id=22844, stack(0x0000002afba00000,0x0000002afbb00000)]
  0x00000138a262f800 JavaThread "Cache worker for execution history cache (C:\Users\Admin\AndroidStudioProjects\Fargmenty\.gradle\7.0.2\executionHistory)" [_thread_blocked, id=22868, stack(0x0000002afbb00000,0x0000002afbc00000)]

Other Threads:
  0x00000138ff68b000 VMThread "VM Thread" [stack: 0x0000002af7600000,0x0000002af7700000] [id=24628]
  0x0000013898be7800 WatcherThread [stack: 0x0000002af8000000,0x0000002af8100000] [id=19212]
  0x00000138fdc38000 GCTaskThread "GC Thread#0" [stack: 0x0000002af7100000,0x0000002af7200000] [id=24868]
  0x000001389960e000 GCTaskThread "GC Thread#1" [stack: 0x0000002af8100000,0x0000002af8200000] [id=21772]
  0x0000013899324000 GCTaskThread "GC Thread#2" [stack: 0x0000002af8200000,0x0000002af8300000] [id=6100]
  0x000001389aec6000 GCTaskThread "GC Thread#3" [stack: 0x0000002af8a00000,0x0000002af8b00000] [id=23028]
  0x000001389a274800 GCTaskThread "GC Thread#4" [stack: 0x0000002af8e00000,0x0000002af8f00000] [id=22644]
  0x000001389adeb800 GCTaskThread "GC Thread#5" [stack: 0x0000002af8f00000,0x0000002af9000000] [id=18336]
  0x000001389b251000 GCTaskThread "GC Thread#6" [stack: 0x0000002af9000000,0x0000002af9100000] [id=5380]
  0x000001389b252000 GCTaskThread "GC Thread#7" [stack: 0x0000002af9100000,0x0000002af9200000] [id=18664]
  0x00000138fdc6d000 ConcurrentGCThread "G1 Main Marker" [stack: 0x0000002af7200000,0x0000002af7300000] [id=14172]
  0x00000138fdc6e000 ConcurrentGCThread "G1 Conc#0" [stack: 0x0000002af7300000,0x0000002af7400000] [id=25592]
  0x000001389b1fe800 ConcurrentGCThread "G1 Conc#1" [stack: 0x0000002af9400000,0x0000002af9500000] [id=16576]
  0x00000138ff4d8800 ConcurrentGCThread "G1 Refine#0" [stack: 0x0000002af7400000,0x0000002af7500000] [id=24888]
  0x00000138ff4d9000 ConcurrentGCThread "G1 Young RemSet Sampling" [stack: 0x0000002af7500000,0x0000002af7600000] [id=24636]

Threads with active compile tasks:
C2 CompilerThread0  47504 9925       4       org.gradle.internal.fingerprint.classpath.impl.ClasspathFingerprintingStrategy$ClasspathFingerprintingVisitor::visitEntry (20 bytes)

VM state:at safepoint (normal execution)

VM Mutex/Monitor currently owned by a thread:  ([mutex/lock_event])
[0x00000138fdc1f8b0] Threads_lock - owner thread: 0x00000138ff68b000

Heap address: 0x0000000080000000, size: 2048 MB, Compressed Oops mode: 32-bit
Narrow klass base: 0x0000000000000000, Narrow klass shift: 3
Compressed class space size: 1073741824 Address: 0x0000000100000000

Heap:
 garbage-first heap   total 163840K, used 85745K [0x0000000080000000, 0x0000000100000000)
  region size 1024K, 11 young (11264K), 4 survivors (4096K)
 Metaspace       used 84809K, capacity 86972K, committed 87040K, reserved 1124352K
  class space    used 10979K, capacity 11767K, committed 11776K, reserved 1048576K
Heap Regions: E=young(eden), S=young(survivor), O=old, HS=humongous(starts), HC=humongous(continues), CS=collection set, F=free, A=archive, TAMS=top-at-mark-start (previous, next)
|   0|0x0000000080000000, 0x0000000080100000, 0x0000000080100000|100%| O|  |TAMS 0x0000000080100000, 0x0000000080000000| Untracked 
|   1|0x0000000080100000, 0x0000000080200000, 0x0000000080200000|100%| O|  |TAMS 0x0000000080200000, 0x0000000080100000| Untracked 
|   2|0x0000000080200000, 0x0000000080300000, 0x0000000080300000|100%| O|  |TAMS 0x0000000080300000, 0x0000000080200000| Untracked 
|   3|0x0000000080300000, 0x0000000080400000, 0x0000000080400000|100%|HS|  |TAMS 0x0000000080400000, 0x0000000080300000| Complete 
|   4|0x0000000080400000, 0x0000000080500000, 0x0000000080500000|100%|HC|  |TAMS 0x0000000080500000, 0x0000000080400000| Complete 
|   5|0x0000000080500000, 0x0000000080600000, 0x0000000080600000|100%|HC|  |TAMS 0x0000000080600000, 0x0000000080500000| Complete 
|   6|0x0000000080600000, 0x0000000080700000, 0x0000000080700000|100%| O|  |TAMS 0x0000000080700000, 0x0000000080600000| Untracked 
|   7|0x0000000080700000, 0x0000000080800000, 0x0000000080800000|100%| O|  |TAMS 0x0000000080800000, 0x0000000080700000| Untracked 
|   8|0x0000000080800000, 0x0000000080900000, 0x0000000080900000|100%| O|  |TAMS 0x0000000080900000, 0x0000000080800000| Untracked 
|   9|0x0000000080900000, 0x0000000080a00000, 0x0000000080a00000|100%| O|  |TAMS 0x0000000080a00000, 0x0000000080900000| Untracked 
|  10|0x0000000080a00000, 0x0000000080b00000, 0x0000000080b00000|100%| O|  |TAMS 0x0000000080b00000, 0x0000000080a00000| Untracked 
|  11|0x0000000080b00000, 0x0000000080c00000, 0x0000000080c00000|100%| O|  |TAMS 0x0000000080c00000, 0x0000000080b00000| Untracked 
|  12|0x0000000080c00000, 0x0000000080d00000, 0x0000000080d00000|100%| O|  |TAMS 0x0000000080d00000, 0x0000000080c00000| Untracked 
|  13|0x0000000080d00000, 0x0000000080e00000, 0x0000000080e00000|100%| O|  |TAMS 0x0000000080e00000, 0x0000000080d00000| Untracked 
|  14|0x0000000080e00000, 0x0000000080f00000, 0x0000000080f00000|100%| O|  |TAMS 0x0000000080f00000, 0x0000000080e00000| Untracked 
|  15|0x0000000080f00000, 0x0000000081000000, 0x0000000081000000|100%| O|  |TAMS 0x0000000081000000, 0x0000000080f00000| Untracked 
|  16|0x0000000081000000, 0x0000000081100000, 0x0000000081100000|100%| O|  |TAMS 0x0000000081100000, 0x0000000081000000| Untracked 
|  17|0x0000000081100000, 0x0000000081200000, 0x0000000081200000|100%|HS|  |TAMS 0x0000000081200000, 0x0000000081100000| Complete 
|  18|0x0000000081200000, 0x0000000081300000, 0x0000000081300000|100%| O|  |TAMS 0x0000000081300000, 0x0000000081200000| Untracked 
|  19|0x0000000081300000, 0x0000000081400000, 0x0000000081400000|100%| O|  |TAMS 0x0000000081400000, 0x0000000081300000| Untracked 
|  20|0x0000000081400000, 0x0000000081500000, 0x0000000081500000|100%| O|  |TAMS 0x0000000081500000, 0x0000000081400000| Untracked 
|  21|0x0000000081500000, 0x0000000081600000, 0x0000000081600000|100%| O|  |TAMS 0x0000000081600000, 0x0000000081500000| Untracked 
|  22|0x0000000081600000, 0x0000000081700000, 0x0000000081700000|100%| O|  |TAMS 0x0000000081700000, 0x0000000081600000| Untracked 
|  23|0x0000000081700000, 0x0000000081800000, 0x0000000081800000|100%| O|  |TAMS 0x0000000081800000, 0x0000000081700000| Untracked 
|  24|0x0000000081800000, 0x0000000081900000, 0x0000000081900000|100%|HS|  |TAMS 0x0000000081900000, 0x0000000081800000| Complete 
|  25|0x0000000081900000, 0x0000000081a00000, 0x0000000081a00000|100%|HS|  |TAMS 0x0000000081a00000, 0x0000000081900000| Complete 
|  26|0x0000000081a00000, 0x0000000081b00000, 0x0000000081b00000|100%|HS|  |TAMS 0x0000000081b00000, 0x0000000081a00000| Complete 
|  27|0x0000000081b00000, 0x0000000081c00000, 0x0000000081c00000|100%|HC|  |TAMS 0x0000000081c00000, 0x0000000081b00000| Complete 
|  28|0x0000000081c00000, 0x0000000081d00000, 0x0000000081d00000|100%|HC|  |TAMS 0x0000000081d00000, 0x0000000081c00000| Complete 
|  29|0x0000000081d00000, 0x0000000081e00000, 0x0000000081e00000|100%|HS|  |TAMS 0x0000000081e00000, 0x0000000081d00000| Complete 
|  30|0x0000000081e00000, 0x0000000081f00000, 0x0000000081f00000|100%|HC|  |TAMS 0x0000000081f00000, 0x0000000081e00000| Complete 
|  31|0x0000000081f00000, 0x0000000082000000, 0x0000000082000000|100%| O|  |TAMS 0x0000000082000000, 0x0000000081f00000| Untracked 
|  32|0x0000000082000000, 0x0000000082100000, 0x0000000082100000|100%| O|  |TAMS 0x0000000082100000, 0x0000000082000000| Untracked 
|  33|0x0000000082100000, 0x0000000082200000, 0x0000000082200000|100%| O|  |TAMS 0x0000000082200000, 0x0000000082100000| Untracked 
|  34|0x0000000082200000, 0x0000000082300000, 0x0000000082300000|100%| O|  |TAMS 0x0000000082300000, 0x0000000082200000| Untracked 
|  35|0x0000000082300000, 0x0000000082400000, 0x0000000082400000|100%| O|  |TAMS 0x0000000082400000, 0x0000000082300000| Untracked 
|  36|0x0000000082400000, 0x0000000082500000, 0x0000000082500000|100%| O|  |TAMS 0x0000000082500000, 0x0000000082400000| Untracked 
|  37|0x0000000082500000, 0x0000000082600000, 0x0000000082600000|100%| O|  |TAMS 0x0000000082600000, 0x0000000082500000| Untracked 
|  38|0x0000000082600000, 0x0000000082700000, 0x0000000082700000|100%| O|  |TAMS 0x0000000082700000, 0x0000000082600000| Untracked 
|  39|0x0000000082700000, 0x0000000082800000, 0x0000000082800000|100%| O|  |TAMS 0x0000000082800000, 0x0000000082700000| Untracked 
|  40|0x0000000082800000, 0x0000000082900000, 0x0000000082900000|100%| O|  |TAMS 0x0000000082900000, 0x0000000082800000| Untracked 
|  41|0x0000000082900000, 0x0000000082a00000, 0x0000000082a00000|100%| O|  |TAMS 0x0000000082a00000, 0x0000000082900000| Untracked 
|  42|0x0000000082a00000, 0x0000000082b00000, 0x0000000082b00000|100%| O|  |TAMS 0x0000000082b00000, 0x0000000082a00000| Untracked 
|  43|0x0000000082b00000, 0x0000000082c00000, 0x0000000082c00000|100%| O|  |TAMS 0x0000000082c00000, 0x0000000082b00000| Untracked 
|  44|0x0000000082c00000, 0x0000000082d00000, 0x0000000082d00000|100%| O|  |TAMS 0x0000000082d00000, 0x0000000082c00000| Untracked 
|  45|0x0000000082d00000, 0x0000000082e00000, 0x0000000082e00000|100%| O|  |TAMS 0x0000000082e00000, 0x0000000082d00000| Untracked 
|  46|0x0000000082e00000, 0x0000000082f00000, 0x0000000082f00000|100%| O|  |TAMS 0x0000000082f00000, 0x0000000082e00000| Untracked 
|  47|0x0000000082f00000, 0x0000000083000000, 0x0000000083000000|100%| O|  |TAMS 0x0000000083000000, 0x0000000082f00000| Untracked 
|  48|0x0000000083000000, 0x0000000083100000, 0x0000000083100000|100%| O|  |TAMS 0x0000000083100000, 0x0000000083000000| Untracked 
|  49|0x0000000083100000, 0x0000000083200000, 0x0000000083200000|100%| O|  |TAMS 0x000000008313d200, 0x0000000083100000| Untracked 
|  50|0x0000000083200000, 0x0000000083300000, 0x0000000083300000|100%| O|  |TAMS 0x0000000083200000, 0x0000000083200000| Untracked 
|  51|0x0000000083300000, 0x0000000083400000, 0x0000000083400000|100%| O|  |TAMS 0x0000000083300000, 0x0000000083300000| Untracked 
|  52|0x0000000083400000, 0x0000000083500000, 0x0000000083500000|100%| O|  |TAMS 0x0000000083400000, 0x0000000083400000| Untracked 
|  53|0x0000000083500000, 0x0000000083600000, 0x0000000083600000|100%| O|  |TAMS 0x0000000083500000, 0x0000000083500000| Untracked 
|  54|0x0000000083600000, 0x0000000083700000, 0x0000000083700000|100%| O|  |TAMS 0x0000000083600000, 0x0000000083600000| Untracked 
|  55|0x0000000083700000, 0x0000000083800000, 0x0000000083800000|100%| O|  |TAMS 0x0000000083700000, 0x0000000083700000| Untracked 
|  56|0x0000000083800000, 0x0000000083900000, 0x0000000083900000|100%| O|  |TAMS 0x0000000083800000, 0x0000000083800000| Untracked 
|  57|0x0000000083900000, 0x0000000083a00000, 0x0000000083a00000|100%| O|  |TAMS 0x0000000083900000, 0x0000000083900000| Untracked 
|  58|0x0000000083a00000, 0x0000000083b00000, 0x0000000083b00000|100%| O|  |TAMS 0x0000000083a00000, 0x0000000083a00000| Untracked 
|  59|0x0000000083b00000, 0x0000000083c00000, 0x0000000083c00000|100%| O|  |TAMS 0x0000000083b00000, 0x0000000083b00000| Untracked 
|  60|0x0000000083c00000, 0x0000000083d00000, 0x0000000083d00000|100%| O|  |TAMS 0x0000000083c00000, 0x0000000083c00000| Untracked 
|  61|0x0000000083d00000, 0x0000000083e00000, 0x0000000083e00000|100%| O|  |TAMS 0x0000000083d00000, 0x0000000083d00000| Untracked 
|  62|0x0000000083e00000, 0x0000000083f00000, 0x0000000083f00000|100%| O|  |TAMS 0x0000000083e00000, 0x0000000083e00000| Untracked 
|  63|0x0000000083f00000, 0x0000000084000000, 0x0000000084000000|100%| O|  |TAMS 0x0000000083f00000, 0x0000000083f00000| Untracked 
|  64|0x0000000084000000, 0x0000000084100000, 0x0000000084100000|100%| O|  |TAMS 0x0000000084000000, 0x0000000084000000| Untracked 
|  65|0x0000000084100000, 0x0000000084200000, 0x0000000084200000|100%| O|  |TAMS 0x0000000084100000, 0x0000000084100000| Untracked 
|  66|0x0000000084200000, 0x0000000084300000, 0x0000000084300000|100%| O|  |TAMS 0x0000000084200000, 0x0000000084200000| Untracked 
|  67|0x0000000084300000, 0x0000000084400000, 0x0000000084400000|100%| O|  |TAMS 0x0000000084300000, 0x0000000084300000| Untracked 
|  68|0x0000000084400000, 0x0000000084500000, 0x0000000084500000|100%| O|  |TAMS 0x0000000084400000, 0x0000000084400000| Untracked 
|  69|0x0000000084500000, 0x0000000084600000, 0x0000000084600000|100%| O|  |TAMS 0x0000000084500000, 0x0000000084500000| Untracked 
|  70|0x0000000084600000, 0x0000000084700000, 0x0000000084700000|100%| O|  |TAMS 0x0000000084600000, 0x0000000084600000| Untracked 
|  71|0x0000000084700000, 0x0000000084800000, 0x0000000084800000|100%| O|  |TAMS 0x0000000084700000, 0x0000000084700000| Untracked 
|  72|0x0000000084800000, 0x0000000084900000, 0x0000000084900000|100%| O|  |TAMS 0x0000000084800000, 0x0000000084800000| Untracked 
|  73|0x0000000084900000, 0x00000000849bc600, 0x0000000084a00000| 73%| O|  |TAMS 0x0000000084900000, 0x0000000084900000| Untracked 
|  74|0x0000000084a00000, 0x0000000084a00000, 0x0000000084b00000|  0%| F|  |TAMS 0x0000000084a00000, 0x0000000084a00000| Untracked 
|  75|0x0000000084b00000, 0x0000000084b00000, 0x0000000084c00000|  0%| F|  |TAMS 0x0000000084b00000, 0x0000000084b00000| Untracked 
|  76|0x0000000084c00000, 0x0000000084c00000, 0x0000000084d00000|  0%| F|  |TAMS 0x0000000084c00000, 0x0000000084c00000| Untracked 
|  77|0x0000000084d00000, 0x0000000084d00000, 0x0000000084e00000|  0%| F|  |TAMS 0x0000000084d00000, 0x0000000084d00000| Untracked 
|  78|0x0000000084e00000, 0x0000000084e00000, 0x0000000084f00000|  0%| F|  |TAMS 0x0000000084e00000, 0x0000000084e00000| Untracked 
|  79|0x0000000084f00000, 0x0000000084f00000, 0x0000000085000000|  0%| F|  |TAMS 0x0000000084f00000, 0x0000000084f00000| Untracked 
|  80|0x0000000085000000, 0x0000000085000000, 0x0000000085100000|  0%| F|  |TAMS 0x0000000085000000, 0x0000000085000000| Untracked 
|  81|0x0000000085100000, 0x0000000085100000, 0x0000000085200000|  0%| F|  |TAMS 0x0000000085100000, 0x0000000085100000| Untracked 
|  82|0x0000000085200000, 0x0000000085200000, 0x0000000085300000|  0%| F|  |TAMS 0x0000000085200000, 0x0000000085200000| Untracked 
|  83|0x0000000085300000, 0x0000000085300000, 0x0000000085400000|  0%| F|  |TAMS 0x0000000085300000, 0x0000000085300000| Untracked 
|  84|0x0000000085400000, 0x0000000085400000, 0x0000000085500000|  0%| F|  |TAMS 0x0000000085400000, 0x0000000085400000| Untracked 
|  85|0x0000000085500000, 0x0000000085500000, 0x0000000085600000|  0%| F|  |TAMS 0x0000000085500000, 0x0000000085500000| Untracked 
|  86|0x0000000085600000, 0x0000000085600000, 0x0000000085700000|  0%| F|  |TAMS 0x0000000085600000, 0x0000000085600000| Untracked 
|  87|0x0000000085700000, 0x0000000085700000, 0x0000000085800000|  0%| F|  |TAMS 0x0000000085700000, 0x0000000085700000| Untracked 
|  88|0x0000000085800000, 0x0000000085800000, 0x0000000085900000|  0%| F|  |TAMS 0x0000000085800000, 0x0000000085800000| Untracked 
|  89|0x0000000085900000, 0x0000000085900000, 0x0000000085a00000|  0%| F|  |TAMS 0x0000000085900000, 0x0000000085900000| Untracked 
|  90|0x0000000085a00000, 0x0000000085a00000, 0x0000000085b00000|  0%| F|  |TAMS 0x0000000085a00000, 0x0000000085a00000| Untracked 
|  91|0x0000000085b00000, 0x0000000085b00000, 0x0000000085c00000|  0%| F|  |TAMS 0x0000000085b00000, 0x0000000085b00000| Untracked 
|  92|0x0000000085c00000, 0x0000000085c00000, 0x0000000085d00000|  0%| F|  |TAMS 0x0000000085c00000, 0x0000000085c00000| Untracked 
|  93|0x0000000085d00000, 0x0000000085d00000, 0x0000000085e00000|  0%| F|  |TAMS 0x0000000085d00000, 0x0000000085d00000| Untracked 
|  94|0x0000000085e00000, 0x0000000085e00000, 0x0000000085f00000|  0%| F|  |TAMS 0x0000000085e00000, 0x0000000085e00000| Untracked 
|  95|0x0000000085f00000, 0x0000000085f00000, 0x0000000086000000|  0%| F|  |TAMS 0x0000000085f00000, 0x0000000085f00000| Untracked 
|  96|0x0000000086000000, 0x0000000086000000, 0x0000000086100000|  0%| F|  |TAMS 0x0000000086000000, 0x0000000086000000| Untracked 
|  97|0x0000000086100000, 0x0000000086100000, 0x0000000086200000|  0%| F|  |TAMS 0x0000000086100000, 0x0000000086100000| Untracked 
|  98|0x0000000086200000, 0x0000000086200000, 0x0000000086300000|  0%| F|  |TAMS 0x0000000086200000, 0x0000000086200000| Untracked 
|  99|0x0000000086300000, 0x0000000086300000, 0x0000000086400000|  0%| F|  |TAMS 0x0000000086300000, 0x0000000086300000| Untracked 
| 100|0x0000000086400000, 0x0000000086400000, 0x0000000086500000|  0%| F|  |TAMS 0x0000000086400000, 0x0000000086400000| Untracked 
| 101|0x0000000086500000, 0x0000000086600000, 0x0000000086600000|100%| S|CS|TAMS 0x0000000086500000, 0x0000000086500000| Complete 
| 102|0x0000000086600000, 0x0000000086700000, 0x0000000086700000|100%| S|CS|TAMS 0x0000000086600000, 0x0000000086600000| Complete 
| 103|0x0000000086700000, 0x0000000086700000, 0x0000000086800000|  0%| F|  |TAMS 0x0000000086700000, 0x0000000086700000| Untracked 
| 104|0x0000000086800000, 0x0000000086800000, 0x0000000086900000|  0%| F|  |TAMS 0x0000000086800000, 0x0000000086800000| Untracked 
| 105|0x0000000086900000, 0x0000000086a00000, 0x0000000086a00000|100%| S|CS|TAMS 0x0000000086900000, 0x0000000086900000| Complete 
| 106|0x0000000086a00000, 0x0000000086b00000, 0x0000000086b00000|100%| S|CS|TAMS 0x0000000086a00000, 0x0000000086a00000| Complete 
| 107|0x0000000086b00000, 0x0000000086b00000, 0x0000000086c00000|  0%| F|  |TAMS 0x0000000086b00000, 0x0000000086b00000| Untracked 
| 108|0x0000000086c00000, 0x0000000086c00000, 0x0000000086d00000|  0%| F|  |TAMS 0x0000000086c00000, 0x0000000086c00000| Untracked 
| 109|0x0000000086d00000, 0x0000000086d00000, 0x0000000086e00000|  0%| F|  |TAMS 0x0000000086d00000, 0x0000000086d00000| Untracked 
| 110|0x0000000086e00000, 0x0000000086e00000, 0x0000000086f00000|  0%| F|  |TAMS 0x0000000086e00000, 0x0000000086e00000| Untracked 
| 111|0x0000000086f00000, 0x0000000086f00000, 0x0000000087000000|  0%| F|  |TAMS 0x0000000086f00000, 0x0000000086f00000| Untracked 
| 112|0x0000000087000000, 0x0000000087000000, 0x0000000087100000|  0%| F|  |TAMS 0x0000000087000000, 0x0000000087000000| Untracked 
| 113|0x0000000087100000, 0x0000000087100000, 0x0000000087200000|  0%| F|  |TAMS 0x0000000087100000, 0x0000000087100000| Untracked 
| 114|0x0000000087200000, 0x0000000087200000, 0x0000000087300000|  0%| F|  |TAMS 0x0000000087200000, 0x0000000087200000| Untracked 
| 115|0x0000000087300000, 0x0000000087300000, 0x0000000087400000|  0%| F|  |TAMS 0x0000000087300000, 0x0000000087300000| Untracked 
| 116|0x0000000087400000, 0x0000000087400000, 0x0000000087500000|  0%| F|  |TAMS 0x0000000087400000, 0x0000000087400000| Untracked 
| 117|0x0000000087500000, 0x0000000087500000, 0x0000000087600000|  0%| F|  |TAMS 0x0000000087500000, 0x0000000087500000| Untracked 
| 118|0x0000000087600000, 0x0000000087600000, 0x0000000087700000|  0%| F|  |TAMS 0x0000000087600000, 0x0000000087600000| Untracked 
| 119|0x0000000087700000, 0x0000000087700000, 0x0000000087800000|  0%| F|  |TAMS 0x0000000087700000, 0x0000000087700000| Untracked 
| 120|0x0000000087800000, 0x0000000087800000, 0x0000000087900000|  0%| F|  |TAMS 0x0000000087800000, 0x0000000087800000| Untracked 
| 121|0x0000000087900000, 0x0000000087900000, 0x0000000087a00000|  0%| F|  |TAMS 0x0000000087900000, 0x0000000087900000| Untracked 
| 122|0x0000000087a00000, 0x0000000087a00000, 0x0000000087b00000|  0%| F|  |TAMS 0x0000000087a00000, 0x0000000087a00000| Untracked 
| 123|0x0000000087b00000, 0x0000000087b00000, 0x0000000087c00000|  0%| F|  |TAMS 0x0000000087b00000, 0x0000000087b00000| Untracked 
| 124|0x0000000087c00000, 0x0000000087c00000, 0x0000000087d00000|  0%| F|  |TAMS 0x0000000087c00000, 0x0000000087c00000| Untracked 
| 125|0x0000000087d00000, 0x0000000087d00000, 0x0000000087e00000|  0%| F|  |TAMS 0x0000000087d00000, 0x0000000087d00000| Untracked 
| 126|0x0000000087e00000, 0x0000000087e00000, 0x0000000087f00000|  0%| F|  |TAMS 0x0000000087e00000, 0x0000000087e00000| Untracked 
| 127|0x0000000087f00000, 0x0000000087f00000, 0x0000000088000000|  0%| F|  |TAMS 0x0000000087f00000, 0x0000000087f00000| Untracked 
| 128|0x0000000088000000, 0x0000000088000000, 0x0000000088100000|  0%| F|  |TAMS 0x0000000088000000, 0x0000000088000000| Untracked 
| 129|0x0000000088100000, 0x0000000088100000, 0x0000000088200000|  0%| F|  |TAMS 0x0000000088100000, 0x0000000088100000| Untracked 
| 130|0x0000000088200000, 0x0000000088200000, 0x0000000088300000|  0%| F|  |TAMS 0x0000000088200000, 0x0000000088200000| Untracked 
| 131|0x0000000088300000, 0x0000000088300000, 0x0000000088400000|  0%| F|  |TAMS 0x0000000088300000, 0x0000000088300000| Untracked 
| 132|0x0000000088400000, 0x0000000088400000, 0x0000000088500000|  0%| F|  |TAMS 0x0000000088400000, 0x0000000088400000| Untracked 
| 133|0x0000000088500000, 0x0000000088500000, 0x0000000088600000|  0%| F|  |TAMS 0x0000000088500000, 0x0000000088500000| Untracked 
| 134|0x0000000088600000, 0x0000000088600000, 0x0000000088700000|  0%| F|  |TAMS 0x0000000088600000, 0x0000000088600000| Untracked 
| 135|0x0000000088700000, 0x0000000088700000, 0x0000000088800000|  0%| F|  |TAMS 0x0000000088700000, 0x0000000088700000| Untracked 
| 136|0x0000000088800000, 0x0000000088800000, 0x0000000088900000|  0%| F|  |TAMS 0x0000000088800000, 0x0000000088800000| Untracked 
| 137|0x0000000088900000, 0x0000000088900000, 0x0000000088a00000|  0%| F|  |TAMS 0x0000000088900000, 0x0000000088900000| Untracked 
| 138|0x0000000088a00000, 0x0000000088a00000, 0x0000000088b00000|  0%| F|  |TAMS 0x0000000088a00000, 0x0000000088a00000| Untracked 
| 139|0x0000000088b00000, 0x0000000088b00000, 0x0000000088c00000|  0%| F|  |TAMS 0x0000000088b00000, 0x0000000088b00000| Untracked 
| 140|0x0000000088c00000, 0x0000000088c00000, 0x0000000088d00000|  0%| F|  |TAMS 0x0000000088c00000, 0x0000000088c00000| Untracked 
| 141|0x0000000088d00000, 0x0000000088d00000, 0x0000000088e00000|  0%| F|  |TAMS 0x0000000088d00000, 0x0000000088d00000| Untracked 
| 142|0x0000000088e00000, 0x0000000088e00000, 0x0000000088f00000|  0%| F|  |TAMS 0x0000000088e00000, 0x0000000088e00000| Untracked 
| 143|0x0000000088f00000, 0x0000000088f00000, 0x0000000089000000|  0%| F|  |TAMS 0x0000000088f00000, 0x0000000088f00000| Untracked 
| 144|0x0000000089000000, 0x0000000089000000, 0x0000000089100000|  0%| F|  |TAMS 0x0000000089000000, 0x0000000089000000| Untracked 
| 145|0x0000000089100000, 0x0000000089100000, 0x0000000089200000|  0%| F|  |TAMS 0x0000000089100000, 0x0000000089100000| Untracked 
| 146|0x0000000089200000, 0x0000000089200000, 0x0000000089300000|  0%| F|  |TAMS 0x0000000089200000, 0x0000000089200000| Untracked 
| 147|0x0000000089300000, 0x0000000089300000, 0x0000000089400000|  0%| F|  |TAMS 0x0000000089300000, 0x0000000089300000| Untracked 
| 148|0x0000000089400000, 0x0000000089400000, 0x0000000089500000|  0%| F|  |TAMS 0x0000000089400000, 0x0000000089400000| Untracked 
| 149|0x0000000089500000, 0x0000000089500000, 0x0000000089600000|  0%| F|  |TAMS 0x0000000089500000, 0x0000000089500000| Untracked 
| 150|0x0000000089600000, 0x0000000089600000, 0x0000000089700000|  0%| F|  |TAMS 0x0000000089600000, 0x0000000089600000| Untracked 
| 151|0x0000000089700000, 0x0000000089700000, 0x0000000089800000|  0%| F|  |TAMS 0x0000000089700000, 0x0000000089700000| Untracked 
| 152|0x0000000089800000, 0x0000000089800000, 0x0000000089900000|  0%| F|  |TAMS 0x0000000089800000, 0x0000000089800000| Untracked 
| 153|0x0000000089900000, 0x00000000899baea8, 0x0000000089a00000| 73%| E|  |TAMS 0x0000000089900000, 0x0000000089900000| Complete 
| 154|0x0000000089a00000, 0x0000000089b00000, 0x0000000089b00000|100%| E|CS|TAMS 0x0000000089a00000, 0x0000000089a00000| Complete 
| 155|0x0000000089b00000, 0x0000000089c00000, 0x0000000089c00000|100%| E|CS|TAMS 0x0000000089b00000, 0x0000000089b00000| Complete 
| 156|0x0000000089c00000, 0x0000000089d00000, 0x0000000089d00000|100%| E|CS|TAMS 0x0000000089c00000, 0x0000000089c00000| Complete 
| 157|0x0000000089d00000, 0x0000000089e00000, 0x0000000089e00000|100%| E|CS|TAMS 0x0000000089d00000, 0x0000000089d00000| Complete 
| 158|0x0000000089e00000, 0x0000000089f00000, 0x0000000089f00000|100%| E|CS|TAMS 0x0000000089e00000, 0x0000000089e00000| Complete 
| 159|0x0000000089f00000, 0x000000008a000000, 0x000000008a000000|100%| E|CS|TAMS 0x0000000089f00000, 0x0000000089f00000| Complete 

Card table byte_map: [0x00000138fe430000,0x00000138fe830000] _byte_map_base: 0x00000138fe030000

Marking Bits (Prev, Next): (CMBitMap*) 0x00000138fdc61f68, (CMBitMap*) 0x00000138fdc61fa0
 Prev Bits: [0x0000013892a10000, 0x0000013894a10000)
 Next Bits: [0x0000013894a10000, 0x0000013896a10000)

Polling page: 0x00000138fbc30000

Metaspace:

Usage:
  Non-class:     73.44 MB capacity,    72.10 MB ( 98%) used,     1.11 MB (  2%) free+waste,   235.94 KB ( <1%) overhead. 
      Class:     11.49 MB capacity,    10.72 MB ( 93%) used,   680.82 KB (  6%) free+waste,   107.13 KB ( <1%) overhead. 
       Both:     84.93 MB capacity,    82.82 MB ( 98%) used,     1.78 MB (  2%) free+waste,   343.06 KB ( <1%) overhead. 

Virtual space:
  Non-class space:       74.00 MB reserved,      73.50 MB (>99%) committed 
      Class space:        1.00 GB reserved,      11.50 MB (  1%) committed 
             Both:        1.07 GB reserved,      85.00 MB (  8%) committed 

Chunk freelists:
   Non-Class:  59.00 KB
       Class:  9.00 KB
        Both:  68.00 KB

MaxMetaspaceSize: 17179869184.00 GB
CompressedClassSpaceSize: 1.00 GB

CodeHeap 'non-profiled nmethods': size=120000Kb used=6194Kb max_used=6194Kb free=113805Kb
 bounds [0x000001388b4e0000, 0x000001388baf0000, 0x0000013892a10000]
CodeHeap 'profiled nmethods': size=120000Kb used=21781Kb max_used=21781Kb free=98218Kb
 bounds [0x0000013883fb0000, 0x0000013885500000, 0x000001388b4e0000]
CodeHeap 'non-nmethods': size=5760Kb used=2279Kb max_used=2350Kb free=3480Kb
 bounds [0x0000013883a10000, 0x0000013883c80000, 0x0000013883fb0000]
 total_blobs=10816 nmethods=9934 adapters=793
 compilation: enabled
              stopped_count=0, restarted_count=0
 full_count=0

Compilation events (20 events):
Event: 47.148 Thread 0x0000013898a73800 9982       3       org.gradle.api.internal.artifacts.transform.DefaultTransformedVariantFactory$VariantKey::<init> (15 bytes)
Event: 47.148 Thread 0x0000013898a73800 nmethod 9982 0x00000138854ed910 code [0x00000138854edac0, 0x00000138854edcd8]
Event: 47.149 Thread 0x0000013898a73800 9984       3       java.util.AbstractCollection::remove (67 bytes)
Event: 47.179 Thread 0x0000013898a73800 nmethod 9984 0x00000138854edd90 code [0x00000138854edfe0, 0x00000138854ee918]
Event: 47.179 Thread 0x0000013898a73800 9986       3       org.gradle.api.internal.artifacts.transform.AbstractTransformedArtifactSet$CalculateArtifacts::calculateValue (81 bytes)
Event: 47.182 Thread 0x0000013898a73800 nmethod 9986 0x00000138854eeb10 code [0x00000138854eee40, 0x00000138854f0508]
Event: 47.182 Thread 0x0000013898a73800 9988   !   3       org.gradle.internal.operations.DefaultBuildOperationQueue::add (139 bytes)
Event: 47.186 Thread 0x0000013898a73800 nmethod 9988 0x00000138854f0c90 code [0x00000138854f0fc0, 0x00000138854f2188]
Event: 47.186 Thread 0x0000013898a73800 9987       3       org.gradle.internal.model.CalculatedValueContainer$CalculationState::lambda$attachValue$0 (52 bytes)
Event: 47.187 Thread 0x0000013898a73800 nmethod 9987 0x00000138854f2a10 code [0x00000138854f2cc0, 0x00000138854f3918]
Event: 47.187 Thread 0x0000013898a73800 9989       3       org.gradle.internal.execution.steps.IdentityCacheStep$$Lambda$869/0x0000000100b51040::<init> (32 bytes)
Event: 47.188 Thread 0x0000013898a73800 nmethod 9989 0x00000138854f3d90 code [0x00000138854f3f60, 0x00000138854f4298]
Event: 47.188 Thread 0x0000013898a73800 9990       3       org.gradle.api.internal.artifacts.transform.DefaultTransformerInvocationFactory$1$$Lambda$870/0x0000000100b51440::<init> (26 bytes)
Event: 47.188 Thread 0x0000013898a73800 nmethod 9990 0x00000138854f4390 code [0x00000138854f4560, 0x00000138854f4838]
Event: 47.188 Thread 0x0000013898a73800 9985       3       org.gradle.api.internal.artifacts.transform.AbstractTransformedArtifactSet$CalculateArtifacts::calculateValue (6 bytes)
Event: 47.188 Thread 0x0000013898a73800 nmethod 9985 0x00000138854f4910 code [0x00000138854f4ac0, 0x00000138854f4c08]
Event: 47.307 Thread 0x0000013898a73800 9991       3       org.gradle.internal.snapshot.SnapshotUtil$2::handleAsDescendantOfChild (10 bytes)
Event: 47.310 Thread 0x0000013898a73800 nmethod 9991 0x00000138854f4c90 code [0x00000138854f4e60, 0x00000138854f51a8]
Event: 47.310 Thread 0x0000013898a73800 9992       3       org.gradle.internal.snapshot.SnapshotUtil$2::handleAsDescendantOfChild (12 bytes)
Event: 47.311 Thread 0x0000013898a73800 nmethod 9992 0x00000138854f5310 code [0x00000138854f54c0, 0x00000138854f5688]

GC Heap History (20 events):
Event: 18.183 GC heap before
{Heap before GC invocations=9 (full 0):
 garbage-first heap   total 163840K, used 102871K [0x0000000080000000, 0x0000000100000000)
  region size 1024K, 82 young (83968K), 9 survivors (9216K)
 Metaspace       used 46582K, capacity 47773K, committed 47872K, reserved 1091584K
  class space    used 5959K, capacity 6399K, committed 6400K, reserved 1048576K
}
Event: 18.196 GC heap after
{Heap after GC invocations=10 (full 0):
 garbage-first heap   total 163840K, used 30843K [0x0000000080000000, 0x0000000100000000)
  region size 1024K, 8 young (8192K), 8 survivors (8192K)
 Metaspace       used 46582K, capacity 47773K, committed 47872K, reserved 1091584K
  class space    used 5959K, capacity 6399K, committed 6400K, reserved 1048576K
}
Event: 22.059 GC heap before
{Heap before GC invocations=10 (full 0):
 garbage-first heap   total 163840K, used 125051K [0x0000000080000000, 0x0000000100000000)
  region size 1024K, 92 young (94208K), 8 survivors (8192K)
 Metaspace       used 53969K, capacity 55403K, committed 55552K, reserved 1097728K
  class space    used 6855K, capacity 7365K, committed 7424K, reserved 1048576K
}
Event: 22.082 GC heap after
{Heap after GC invocations=11 (full 0):
 garbage-first heap   total 163840K, used 49569K [0x0000000080000000, 0x0000000100000000)
  region size 1024K, 12 young (12288K), 12 survivors (12288K)
 Metaspace       used 53969K, capacity 55403K, committed 55552K, reserved 1097728K
  class space    used 6855K, capacity 7365K, committed 7424K, reserved 1048576K
}
Event: 23.629 GC heap before
{Heap before GC invocations=11 (full 0):
 garbage-first heap   total 163840K, used 79265K [0x0000000080000000, 0x0000000100000000)
  region size 1024K, 42 young (43008K), 12 survivors (12288K)
 Metaspace       used 58598K, capacity 60057K, committed 60160K, reserved 1101824K
  class space    used 7431K, capacity 7996K, committed 8064K, reserved 1048576K
}
Event: 23.656 GC heap after
{Heap after GC invocations=12 (full 0):
 garbage-first heap   total 163840K, used 53306K [0x0000000080000000, 0x0000000100000000)
  region size 1024K, 3 young (3072K), 3 survivors (3072K)
 Metaspace       used 58598K, capacity 60057K, committed 60160K, reserved 1101824K
  class space    used 7431K, capacity 7996K, committed 8064K, reserved 1048576K
}
Event: 25.689 GC heap before
{Heap before GC invocations=13 (full 0):
 garbage-first heap   total 163840K, used 107578K [0x0000000080000000, 0x0000000100000000)
  region size 1024K, 56 young (57344K), 3 survivors (3072K)
 Metaspace       used 64072K, capacity 65592K, committed 65792K, reserved 1105920K
  class space    used 8109K, capacity 8677K, committed 8704K, reserved 1048576K
}
Event: 25.700 GC heap after
{Heap after GC invocations=14 (full 0):
 garbage-first heap   total 163840K, used 56498K [0x0000000080000000, 0x0000000100000000)
  region size 1024K, 6 young (6144K), 6 survivors (6144K)
 Metaspace       used 64072K, capacity 65592K, committed 65792K, reserved 1105920K
  class space    used 8109K, capacity 8677K, committed 8704K, reserved 1048576K
}
Event: 26.991 GC heap before
{Heap before GC invocations=15 (full 0):
 garbage-first heap   total 163840K, used 111794K [0x0000000080000000, 0x0000000100000000)
  region size 1024K, 60 young (61440K), 6 survivors (6144K)
 Metaspace       used 66070K, capacity 67552K, committed 67840K, reserved 1107968K
  class space    used 8351K, capacity 8898K, committed 8960K, reserved 1048576K
}
Event: 27.002 GC heap after
{Heap after GC invocations=16 (full 0):
 garbage-first heap   total 163840K, used 59722K [0x0000000080000000, 0x0000000100000000)
  region size 1024K, 4 young (4096K), 4 survivors (4096K)
 Metaspace       used 66070K, capacity 67552K, committed 67840K, reserved 1107968K
  class space    used 8351K, capacity 8898K, committed 8960K, reserved 1048576K
}
Event: 28.693 GC heap before
{Heap before GC invocations=16 (full 0):
 garbage-first heap   total 163840K, used 116042K [0x0000000080000000, 0x0000000100000000)
  region size 1024K, 59 young (60416K), 4 survivors (4096K)
 Metaspace       used 69699K, capacity 71302K, committed 71552K, reserved 1112064K
  class space    used 8908K, capacity 9510K, committed 9600K, reserved 1048576K
}
Event: 28.704 GC heap after
{Heap after GC invocations=17 (full 0):
 garbage-first heap   total 163840K, used 64094K [0x0000000080000000, 0x0000000100000000)
  region size 1024K, 8 young (8192K), 8 survivors (8192K)
 Metaspace       used 69699K, capacity 71302K, committed 71552K, reserved 1112064K
  class space    used 8908K, capacity 9510K, committed 9600K, reserved 1048576K
}
Event: 31.715 GC heap before
{Heap before GC invocations=17 (full 0):
 garbage-first heap   total 163840K, used 120414K [0x0000000080000000, 0x0000000100000000)
  region size 1024K, 63 young (64512K), 8 survivors (8192K)
 Metaspace       used 75529K, capacity 77267K, committed 77568K, reserved 1116160K
  class space    used 9796K, capacity 10436K, committed 10496K, reserved 1048576K
}
Event: 31.730 GC heap after
{Heap after GC invocations=18 (full 0):
 garbage-first heap   total 163840K, used 67391K [0x0000000080000000, 0x0000000100000000)
  region size 1024K, 4 young (4096K), 4 survivors (4096K)
 Metaspace       used 75529K, capacity 77267K, committed 77568K, reserved 1116160K
  class space    used 9796K, capacity 10436K, committed 10496K, reserved 1048576K
}
Event: 35.469 GC heap before
{Heap before GC invocations=18 (full 0):
 garbage-first heap   total 163840K, used 123711K [0x0000000080000000, 0x0000000100000000)
  region size 1024K, 59 young (60416K), 4 survivors (4096K)
 Metaspace       used 80984K, capacity 82861K, committed 83200K, reserved 1122304K
  class space    used 10486K, capacity 11156K, committed 11264K, reserved 1048576K
}
Event: 35.479 GC heap after
{Heap after GC invocations=19 (full 0):
 garbage-first heap   total 163840K, used 70643K [0x0000000080000000, 0x0000000100000000)
  region size 1024K, 7 young (7168K), 7 survivors (7168K)
 Metaspace       used 80984K, capacity 82861K, committed 83200K, reserved 1122304K
  class space    used 10486K, capacity 11156K, committed 11264K, reserved 1048576K
}
Event: 39.792 GC heap before
{Heap before GC invocations=19 (full 0):
 garbage-first heap   total 163840K, used 126963K [0x0000000080000000, 0x0000000100000000)
  region size 1024K, 62 young (63488K), 7 survivors (7168K)
 Metaspace       used 84040K, capacity 86110K, committed 86272K, reserved 1124352K
  class space    used 10933K, capacity 11712K, committed 11776K, reserved 1048576K
}
Event: 39.814 GC heap after
{Heap after GC invocations=20 (full 0):
 garbage-first heap   total 163840K, used 75379K [0x0000000080000000, 0x0000000100000000)
  region size 1024K, 8 young (8192K), 8 survivors (8192K)
 Metaspace       used 84040K, capacity 86110K, committed 86272K, reserved 1124352K
  class space    used 10933K, capacity 11712K, committed 11776K, reserved 1048576K
}
Event: 46.999 GC heap before
{Heap before GC invocations=20 (full 0):
 garbage-first heap   total 163840K, used 128627K [0x0000000080000000, 0x0000000100000000)
  region size 1024K, 61 young (62464K), 8 survivors (8192K)
 Metaspace       used 84668K, capacity 86791K, committed 87040K, reserved 1124352K
  class space    used 10957K, capacity 11728K, committed 11776K, reserved 1048576K
}
Event: 47.020 GC heap after
{Heap after GC invocations=21 (full 0):
 garbage-first heap   total 163840K, used 79601K [0x0000000080000000, 0x0000000100000000)
  region size 1024K, 4 young (4096K), 4 survivors (4096K)
 Metaspace       used 84668K, capacity 86791K, committed 87040K, reserved 1124352K
  class space    used 10957K, capacity 11728K, committed 11776K, reserved 1048576K
}

Deoptimization events (20 events):
Event: 43.685 Thread 0x00000138998bd000 Uncommon trap: trap_request=0xffffff4d fr.pc=0x000001388ba89948 relative=0x0000000000000288
Event: 43.685 Thread 0x00000138998bd000 Uncommon trap: reason=unstable_if action=reinterpret pc=0x000001388ba89948 method=org.gradle.internal.file.DefaultFileHierarchySet$Node.isChildOfOrThis(Ljava/lang/String;I)Z @ 72 c2
Event: 43.685 Thread 0x00000138998bd000 DEOPT PACKING pc=0x000001388ba89948 sp=0x0000002afb9fafd0
Event: 43.685 Thread 0x00000138998bd000 DEOPT UNPACKING pc=0x0000013883a378af sp=0x0000002afb9faf38 mode 2
Event: 43.688 Thread 0x00000138998bd000 Uncommon trap: trap_request=0xffffff4d fr.pc=0x000001388ba3b72c relative=0x000000000000038c
Event: 43.688 Thread 0x00000138998bd000 Uncommon trap: reason=unstable_if action=reinterpret pc=0x000001388ba3b72c method=java.util.stream.StreamOpFlag.getMask(I)I @ 1 c2
Event: 43.688 Thread 0x00000138998bd000 DEOPT PACKING pc=0x000001388ba3b72c sp=0x0000002afb9fb710
Event: 43.688 Thread 0x00000138998bd000 DEOPT UNPACKING pc=0x0000013883a378af sp=0x0000002afb9fb600 mode 2
Event: 43.843 Thread 0x000001389b143000 DEOPT PACKING pc=0x0000013884f2c844 sp=0x0000002afa6fbdc0
Event: 43.843 Thread 0x000001389b143000 DEOPT UNPACKING pc=0x0000013883a376ce sp=0x0000002afa6fb360 mode 0
Event: 45.164 Thread 0x000001389b142000 DEOPT PACKING pc=0x0000013884f2c844 sp=0x0000002afa5fd130
Event: 45.164 Thread 0x000001389b142000 DEOPT UNPACKING pc=0x0000013883a376ce sp=0x0000002afa5fc6d0 mode 0
Event: 46.220 Thread 0x000001389b141800 Uncommon trap: trap_request=0xffffff4d fr.pc=0x000001388ba8a714 relative=0x0000000000000354
Event: 46.220 Thread 0x000001389b141800 Uncommon trap: reason=unstable_if action=reinterpret pc=0x000001388ba8a714 method=java.util.concurrent.ConcurrentLinkedQueue.offer(Ljava/lang/Object;)Z @ 42 c2
Event: 46.220 Thread 0x000001389b141800 DEOPT PACKING pc=0x000001388ba8a714 sp=0x0000002afa4fb580
Event: 46.220 Thread 0x000001389b141800 DEOPT UNPACKING pc=0x0000013883a378af sp=0x0000002afa4fb4c8 mode 2
Event: 46.370 Thread 0x00000138998bd000 Uncommon trap: trap_request=0xffffff4d fr.pc=0x000001388b9ec154 relative=0x0000000000000bb4
Event: 46.370 Thread 0x00000138998bd000 Uncommon trap: reason=unstable_if action=reinterpret pc=0x000001388b9ec154 method=com.google.common.collect.ImmutableSet.construct(I[Ljava/lang/Object;)Lcom/google/common/collect/ImmutableSet; @ 1 c2
Event: 46.370 Thread 0x00000138998bd000 DEOPT PACKING pc=0x000001388b9ec154 sp=0x0000002afb9fb8e0
Event: 46.370 Thread 0x00000138998bd000 DEOPT UNPACKING pc=0x0000013883a378af sp=0x0000002afb9fb898 mode 2

Classes redefined (0 events):
No events

Internal exceptions (20 events):
Event: 32.088 Thread 0x0000013899f65000 Exception <a 'sun/nio/fs/WindowsException'{0x0000000089be2d18}> (0x0000000089be2d18) thrown at [./src/hotspot/share/prims/jni.cpp, line 615]
Event: 32.088 Thread 0x0000013899f65000 Exception <a 'sun/nio/fs/WindowsException'{0x0000000089be4250}> (0x0000000089be4250) thrown at [./src/hotspot/share/prims/jni.cpp, line 615]
Event: 32.089 Thread 0x0000013899f65000 Exception <a 'sun/nio/fs/WindowsException'{0x0000000089be5818}> (0x0000000089be5818) thrown at [./src/hotspot/share/prims/jni.cpp, line 615]
Event: 32.089 Thread 0x0000013899f65000 Exception <a 'sun/nio/fs/WindowsException'{0x0000000089be6de0}> (0x0000000089be6de0) thrown at [./src/hotspot/share/prims/jni.cpp, line 615]
Event: 35.537 Thread 0x0000013899f65000 Exception <a 'java/lang/NoSuchMethodError'{0x0000000089e6bc48}: 'java.lang.Object java.lang.invoke.Invokers$Holder.linkToTargetMethod(java.lang.Object, int, int, java.lang.Object)'> (0x0000000089e6bc48) thrown at [./src/hotspot/share/interpreter/linkResolver.cpp, line 773]
Event: 36.731 Thread 0x000001389ab75000 Exception <a 'java/lang/NoSuchMethodError'{0x0000000088cc3f40}: <clinit>> (0x0000000088cc3f40) thrown at [./src/hotspot/share/prims/jni.cpp, line 1362]
Event: 36.733 Thread 0x000001389ab75000 Exception <a 'java/lang/NoSuchMethodError'{0x0000000088cced30}: <clinit>> (0x0000000088cced30) thrown at [./src/hotspot/share/prims/jni.cpp, line 1362]
Event: 36.743 Thread 0x000001389ab75000 Exception <a 'java/lang/NoSuchMethodError'{0x0000000088cea4c0}: <clinit>> (0x0000000088cea4c0) thrown at [./src/hotspot/share/prims/jni.cpp, line 1362]
Event: 36.746 Thread 0x000001389ab75000 Exception <a 'java/lang/NoSuchMethodError'{0x0000000088cfd028}: <clinit>> (0x0000000088cfd028) thrown at [./src/hotspot/share/prims/jni.cpp, line 1362]
Event: 36.747 Thread 0x000001389ab75000 Exception <a 'java/lang/NoSuchMethodError'{0x0000000088b00520}: <clinit>> (0x0000000088b00520) thrown at [./src/hotspot/share/prims/jni.cpp, line 1362]
Event: 36.821 Thread 0x00000138998b9800 Exception <a 'java/lang/NoSuchMethodError'{0x00000000889a4270}: <clinit>> (0x00000000889a4270) thrown at [./src/hotspot/share/prims/jni.cpp, line 1362]
Event: 36.832 Thread 0x00000138998b9800 Exception <a 'java/lang/NoSuchMethodError'{0x00000000889b8ef8}: <clinit>> (0x00000000889b8ef8) thrown at [./src/hotspot/share/prims/jni.cpp, line 1362]
Event: 36.837 Thread 0x00000138998b9800 Exception <a 'java/lang/NoSuchMethodError'{0x0000000088829308}: <clinit>> (0x0000000088829308) thrown at [./src/hotspot/share/prims/jni.cpp, line 1362]
Event: 36.909 Thread 0x000001389ab75000 Exception <a 'java/lang/NoSuchMethodError'{0x00000000887c5a18}: <clinit>> (0x00000000887c5a18) thrown at [./src/hotspot/share/prims/jni.cpp, line 1362]
Event: 36.980 Thread 0x00000138998bd000 Exception <a 'java/lang/NoSuchMethodError'{0x000000008866d9c8}: 'java.lang.Object java.lang.invoke.Invokers$Holder.linkToTargetMethod(java.lang.Object, java.lang.Object, java.lang.Object, int, java.lang.Object, java.lang.Object)'> (0x000000008866d9c8) thrown at [./src/hotspot/share/interpreter/linkResolver.cpp, line 773]
Event: 38.875 Thread 0x00000138998b4800 Exception <a 'java/lang/NoSuchMethodError'{0x00000000879f3dd8}: 'java.lang.Object java.lang.invoke.DirectMethodHandle$Holder.invokeSpecialIFC(java.lang.Object, java.lang.Object, java.lang.Object)'> (0x00000000879f3dd8) thrown at [./src/hotspot/share/interpreter/linkResolver.cpp, line 773]
Event: 38.875 Thread 0x00000138998b4000 Exception <a 'java/lang/NoSuchMethodError'{0x00000000877072c0}: 'java.lang.Object java.lang.invoke.DirectMethodHandle$Holder.invokeSpecialIFC(java.lang.Object, java.lang.Object, java.lang.Object)'> (0x00000000877072c0) thrown at [./src/hotspot/share/interpreter/linkResolver.cpp, line 773]
Event: 39.082 Thread 0x000001389b141800 Exception <a 'java/lang/NoSuchMethodError'{0x0000000087453dd0}: 'int java.lang.invoke.DirectMethodHandle$Holder.invokeStaticInit(java.lang.Object, java.lang.Object, java.lang.Object, java.lang.Object, java.lang.Object)'> (0x0000000087453dd0) thrown at [./src/hotspot/share/interpreter/linkResolver.cpp, line 773]
Event: 41.309 Thread 0x000001389b140800 Exception <a 'java/lang/NoSuchMethodError'{0x0000000089399668}: 'void java.lang.invoke.DirectMethodHandle$Holder.invokeVirtual(java.lang.Object, java.lang.Object)'> (0x0000000089399668) thrown at [./src/hotspot/share/interpreter/linkResolver.cpp, line 773]
Event: 43.686 Thread 0x00000138998bd000 Exception <a 'java/lang/IncompatibleClassChangeError'{0x0000000088140038}: Found class java.lang.Object, but interface was expected> (0x0000000088140038) thrown at [./src/hotspot/share/interpreter/linkResolver.cpp, line 839]

Events (20 events):
Event: 47.057 loading class org/gradle/internal/execution/history/changes/DefaultIncrementalInputProperties done
Event: 47.058 loading class org/gradle/internal/execution/history/changes/DefaultIncrementalInputProperties
Event: 47.058 loading class org/gradle/internal/execution/history/changes/DefaultIncrementalInputProperties done
Event: 47.076 loading class org/gradle/execution/plan/ValuedVfsHierarchy$ValueVisitor
Event: 47.076 loading class org/gradle/execution/plan/ValuedVfsHierarchy$ValueVisitor done
Event: 47.092 loading class org/gradle/execution/plan/ValuedVfsHierarchy$ValueVisitor
Event: 47.092 loading class org/gradle/execution/plan/ValuedVfsHierarchy$ValueVisitor done
Event: 47.098 loading class org/gradle/execution/plan/ValuedVfsHierarchy
Event: 47.098 loading class org/gradle/execution/plan/ValuedVfsHierarchy done
Event: 47.115 loading class org/gradle/internal/snapshot/impl/ListValueSnapshot
Event: 47.115 loading class org/gradle/internal/snapshot/impl/ListValueSnapshot done
Event: 47.117 loading class com/android/build/gradle/internal/core/VariantDslInfoImpl$computeApplicationIdSuffix$2
Event: 47.117 loading class com/android/build/gradle/internal/core/VariantDslInfoImpl$computeApplicationIdSuffix$2 done
Event: 47.219 Executing VM operation: RevokeBias
Event: 47.226 Executing VM operation: RevokeBias done
Event: 47.253 Executing VM operation: RevokeBias
Event: 47.255 Executing VM operation: RevokeBias done
Event: 47.309 Executing VM operation: RevokeBias
Event: 47.310 Executing VM operation: RevokeBias done
Event: 47.402 Executing VM operation: BulkRevokeBias


Dynamic libraries:
0x00007ff6f0d40000 - 0x00007ff6f0d4a000 	D:\AndroidStudios\jre\bin\java.exe
0x00007ffc72a60000 - 0x00007ffc72c67000 	C:\Windows\SYSTEM32\ntdll.dll
0x00007ffc716a0000 - 0x00007ffc7175d000 	C:\Windows\System32\KERNEL32.DLL
0x00007ffc70260000 - 0x00007ffc705d4000 	C:\Windows\System32\KERNELBASE.dll
0x00007ffc70140000 - 0x00007ffc70251000 	C:\Windows\System32\ucrtbase.dll
0x00007ffc6a0f0000 - 0x00007ffc6a107000 	D:\AndroidStudios\jre\bin\VCRUNTIME140.dll
0x00007ffc5a1b0000 - 0x00007ffc5a1c9000 	D:\AndroidStudios\jre\bin\jli.dll
0x00007ffc722b0000 - 0x00007ffc7245c000 	C:\Windows\System32\USER32.dll
0x00007ffc68c20000 - 0x00007ffc68ec5000 	C:\Windows\WinSxS\amd64_microsoft.windows.common-controls_6595b64144ccf1df_6.0.22000.120_none_9d947278b86cc467\COMCTL32.dll
0x00007ffc70ae0000 - 0x00007ffc70b83000 	C:\Windows\System32\msvcrt.dll
0x00007ffc707a0000 - 0x00007ffc707c6000 	C:\Windows\System32\win32u.dll
0x00007ffc713f0000 - 0x00007ffc71419000 	C:\Windows\System32\GDI32.dll
0x00007ffc705e0000 - 0x00007ffc706f2000 	C:\Windows\System32\gdi32full.dll
0x00007ffc70700000 - 0x00007ffc7079d000 	C:\Windows\System32\msvcp_win.dll
0x00007ffc72570000 - 0x00007ffc725a1000 	C:\Windows\System32\IMM32.DLL
0x00007ffc21090000 - 0x00007ffc2112d000 	D:\AndroidStudios\jre\bin\msvcp140.dll
0x00007ffc56fa0000 - 0x00007ffc57a6f000 	D:\AndroidStudios\jre\bin\server\jvm.dll
0x00007ffc70b90000 - 0x00007ffc70c3e000 	C:\Windows\System32\ADVAPI32.dll
0x00007ffc71760000 - 0x00007ffc717fe000 	C:\Windows\System32\sechost.dll
0x00007ffc718d0000 - 0x00007ffc719f0000 	C:\Windows\System32\RPCRT4.dll
0x00007ffc718c0000 - 0x00007ffc718c8000 	C:\Windows\System32\PSAPI.DLL
0x00007ffc6b6a0000 - 0x00007ffc6b6d3000 	C:\Windows\SYSTEM32\WINMM.dll
0x00007ffc68500000 - 0x00007ffc6850a000 	C:\Windows\SYSTEM32\VERSION.dll
0x00007ffc6c700000 - 0x00007ffc6c709000 	C:\Windows\SYSTEM32\WSOCK32.dll
0x00007ffc71ad0000 - 0x00007ffc71b3f000 	C:\Windows\System32\WS2_32.dll
0x00007ffc6f010000 - 0x00007ffc6f028000 	C:\Windows\SYSTEM32\kernel.appcore.dll
0x00007ffc69be0000 - 0x00007ffc69bf1000 	D:\AndroidStudios\jre\bin\verify.dll
0x00007ffc69540000 - 0x00007ffc69761000 	C:\Windows\SYSTEM32\DBGHELP.DLL
0x00007ffc69820000 - 0x00007ffc69851000 	C:\Windows\SYSTEM32\dbgcore.DLL
0x00007ffc700c0000 - 0x00007ffc7013f000 	C:\Windows\System32\bcryptPrimitives.dll
0x00007ffc68ee0000 - 0x00007ffc68f09000 	D:\AndroidStudios\jre\bin\java.dll
0x00007ffc6b7a0000 - 0x00007ffc6b7ab000 	D:\AndroidStudios\jre\bin\jimage.dll
0x00007ffc697e0000 - 0x00007ffc697f8000 	D:\AndroidStudios\jre\bin\zip.dll
0x00007ffc70c40000 - 0x00007ffc713ee000 	C:\Windows\System32\SHELL32.dll
0x00007ffc6e080000 - 0x00007ffc6e8e7000 	C:\Windows\SYSTEM32\windows.storage.dll
0x00007ffc725b0000 - 0x00007ffc72928000 	C:\Windows\System32\combase.dll
0x00007ffc6df10000 - 0x00007ffc6e076000 	C:\Windows\SYSTEM32\wintypes.dll
0x00007ffc72460000 - 0x00007ffc7254a000 	C:\Windows\System32\SHCORE.dll
0x00007ffc729c0000 - 0x00007ffc72a1d000 	C:\Windows\System32\shlwapi.dll
0x00007ffc6fe80000 - 0x00007ffc6fea1000 	C:\Windows\SYSTEM32\profapi.dll
0x00007ffc690b0000 - 0x00007ffc690ca000 	D:\AndroidStudios\jre\bin\net.dll
0x00007ffc6af80000 - 0x00007ffc6b08c000 	C:\Windows\SYSTEM32\WINHTTP.dll
0x00007ffc6f430000 - 0x00007ffc6f497000 	C:\Windows\system32\mswsock.dll
0x00007ffc685c0000 - 0x00007ffc685d4000 	D:\AndroidStudios\jre\bin\nio.dll
0x00007ffc62310000 - 0x00007ffc62337000 	C:\Users\Admin\.gradle\native\8bec1ad78214c89d9ad589b4d07fe93259594b29d510b10fafb7a158f7737e5d\windows-amd64\native-platform.dll
0x00007ffc5af60000 - 0x00007ffc5b09d000 	C:\Users\Admin\.gradle\native\53dbd7edfb1c66fb8903c78663c9afc45aea4f116125fa6feffd364cf09443e8\windows-amd64\native-platform-file-events.dll
0x00007ffc6a2c0000 - 0x00007ffc6a2ca000 	D:\AndroidStudios\jre\bin\management.dll
0x00007ffc69bd0000 - 0x00007ffc69bdc000 	D:\AndroidStudios\jre\bin\management_ext.dll
0x00007ffc6f700000 - 0x00007ffc6f718000 	C:\Windows\SYSTEM32\CRYPTSP.dll
0x00007ffc6ef70000 - 0x00007ffc6efa5000 	C:\Windows\system32\rsaenh.dll
0x00007ffc6f4d0000 - 0x00007ffc6f4f9000 	C:\Windows\SYSTEM32\USERENV.dll
0x00007ffc6f840000 - 0x00007ffc6f867000 	C:\Windows\SYSTEM32\bcrypt.dll
0x00007ffc6f620000 - 0x00007ffc6f62c000 	C:\Windows\SYSTEM32\CRYPTBASE.dll
0x00007ffc6eb30000 - 0x00007ffc6eb5d000 	C:\Windows\SYSTEM32\IPHLPAPI.DLL
0x00007ffc718b0000 - 0x00007ffc718b9000 	C:\Windows\System32\NSI.dll
0x00007ffc6b0c0000 - 0x00007ffc6b0d9000 	C:\Windows\SYSTEM32\dhcpcsvc6.DLL
0x00007ffc6bca0000 - 0x00007ffc6bcbe000 	C:\Windows\SYSTEM32\dhcpcsvc.DLL
0x00007ffc6eb60000 - 0x00007ffc6ec47000 	C:\Windows\SYSTEM32\DNSAPI.dll

dbghelp: loaded successfully - version: 4.0.5 - missing functions: none
symbol engine: initialized successfully - sym options: 0x614 - pdb path: .;D:\AndroidStudios\jre\bin;C:\Windows\SYSTEM32;C:\Windows\WinSxS\amd64_microsoft.windows.common-controls_6595b64144ccf1df_6.0.22000.120_none_9d947278b86cc467;D:\AndroidStudios\jre\bin\server;C:\Users\Admin\.gradle\native\8bec1ad78214c89d9ad589b4d07fe93259594b29d510b10fafb7a158f7737e5d\windows-amd64;C:\Users\Admin\.gradle\native\53dbd7edfb1c66fb8903c78663c9afc45aea4f116125fa6feffd364cf09443e8\windows-amd64

VM Arguments:
jvm_args: --add-opens=java.base/java.util=ALL-UNNAMED --add-opens=java.base/java.lang=ALL-UNNAMED --add-opens=java.base/java.lang.invoke=ALL-UNNAMED --add-opens=java.base/java.util=ALL-UNNAMED --add-opens=java.prefs/java.util.prefs=ALL-UNNAMED --add-opens=java.prefs/java.util.prefs=ALL-UNNAMED --add-opens=java.base/java.nio.charset=ALL-UNNAMED --add-opens=java.base/java.net=ALL-UNNAMED --add-opens=java.base/java.util.concurrent.atomic=ALL-UNNAMED -Xmx2048m -Dfile.encoding=UTF-8 -Duser.country=PL -Duser.language=pl -Duser.variant 
java_command: org.gradle.launcher.daemon.bootstrap.GradleDaemon 7.0.2
java_class_path (initial): C:\Users\Admin\.gradle\wrapper\dists\gradle-7.0.2-bin\857tjihv64xamwrf0h14cai3r\gradle-7.0.2\lib\gradle-launcher-7.0.2.jar
Launcher Type: SUN_STANDARD

[Global flags]
     intx CICompilerCount                          = 4                                         {product} {ergonomic}
     uint ConcGCThreads                            = 2                                         {product} {ergonomic}
     uint G1ConcRefinementThreads                  = 8                                         {product} {ergonomic}
   size_t G1HeapRegionSize                         = 1048576                                   {product} {ergonomic}
    uintx GCDrainStackTargetSize                   = 64                                        {product} {ergonomic}
   size_t InitialHeapSize                          = 167772160                                 {product} {ergonomic}
   size_t MarkStackSize                            = 4194304                                   {product} {ergonomic}
   size_t MaxHeapSize                              = 2147483648                                {product} {command line}
   size_t MaxNewSize                               = 1287651328                                {product} {ergonomic}
   size_t MinHeapDeltaBytes                        = 1048576                                   {product} {ergonomic}
    uintx NonNMethodCodeHeapSize                   = 5836300                                {pd product} {ergonomic}
    uintx NonProfiledCodeHeapSize                  = 122910970                              {pd product} {ergonomic}
    uintx ProfiledCodeHeapSize                     = 122910970                              {pd product} {ergonomic}
    uintx ReservedCodeCacheSize                    = 251658240                              {pd product} {ergonomic}
     bool SegmentedCodeCache                       = true                                      {product} {ergonomic}
     bool UseCompressedClassPointers               = true                                 {lp64_product} {ergonomic}
     bool UseCompressedOops                        = true                                 {lp64_product} {ergonomic}
     bool UseG1GC                                  = true                                      {product} {ergonomic}
     bool UseLargePagesIndividualAllocation        = false                                  {pd product} {ergonomic}

Logging:
Log output configuration:
 #0: stdout all=warning uptime,level,tags
 #1: stderr all=off uptime,level,tags

Environment Variables:
PATH=C:\Windows\system32;C:\Windows;C:\Windows\System32\Wbem;C:\Windows\System32\WindowsPowerShell\v1.0\;C:\Windows\System32\OpenSSH\;C:\Program Files\kotlin-native-windows-x86_64-1.5.31\bin;C:\Program Files\kotlinc\bin;C:\Program Files\Docker\Docker\resources\bin;C:\ProgramData\DockerDesktop\version-bin;C:\Program Files\Git\cmd;D:\Cygwin;C:\Program Files (x86)\Microsoft Visual Studio\2019\Community\VC\Tools\MSVC\14.29.30133\bin\Hostx64\x64;C:\Program Files\CodeBlocks\MinGW\bin;C:\MinGW\bin;C:\gmp-6.2.1\.libs;D:\sdk;C:\Users\Admin\AppData\Local\Microsoft\WindowsApps;C:\ProgramData\Admin\GitHubDesktop\bin;C:\Users\Admin\AppData\Local\GitHubDesktop\bin;D:\IntelliJ IDEA Community Edition 2021.2.3\bin;;D:\IntelliJ IDEA 2021.3\bin;
USERNAME=Admin
OS=Windows_NT
PROCESSOR_IDENTIFIER=AMD64 Family 23 Model 24 Stepping 1, AuthenticAMD



---------------  S Y S T E M  ---------------

OS: Windows 10 , 64 bit Build 22000 (10.0.22000.434)
OS uptime: 2 days 9:11 hours
Hyper-V role detected

CPU:total 8 (initial active 8) (8 cores per cpu, 2 threads per core) family 23 model 24 stepping 1 microcode 0x0, cmov, cx8, fxsr, mmx, sse, sse2, sse3, ssse3, sse4.1, sse4.2, popcnt, avx, avx2, aes, clmul, mmxext, 3dnowpref, lzcnt, sse4a, ht, tsc, tscinvbit, tscinv, bmi1, bmi2, adx, s

Memory: 4k page, system-wide physical 10178M (9M free)
TotalPageFile size 22466M (AvailPageFile size 3M)
current process WorkingSet (physical memory assigned to process): 375M, peak: 409M
current process commit charge ("private bytes"): 435M, peak: 447M

vm_info: OpenJDK 64-Bit Server VM (11.0.10+0-b96-7249189) for windows-amd64 JRE (11.0.10+0-b96-7249189), built on Mar 31 2021 21:44:00 by "builder" with MS VC++ 14.0 (VS2015)

END.
